08:37:52.992 [main] INFO  testCase.TC_001_AcccountRegistration - **** STARTING REGISTER AN ACCOCONT ******
08:37:53.718 [main] INFO  testCase.TC_001_AcccountRegistration - click my account drop down
08:37:56.700 [main] INFO  testCase.TC_001_AcccountRegistration - click on register link
08:37:56.710 [main] INFO  testCase.TC_001_AcccountRegistration - eneter the custmer details
08:37:57.515 [main] INFO  testCase.TC_001_AcccountRegistration - after finishing custmer details
08:38:05.068 [main] ERROR testCase.TC_001_AcccountRegistration - registration text shuols not matyched
08:38:11.745 [main] INFO  testCase.TC_002_LoginTest - ****** Started Tc_002_TestCase
08:38:13.220 [main] INFO  testCase.TC_002_LoginTest - login link click on home page under register link
08:53:32.587 [main] INFO  testCase.TC_001_AcccountRegistration - **** STARTING REGISTER AN ACCOCONT ******
08:53:32.782 [main] INFO  testCase.TC_001_AcccountRegistration - click my account drop down
08:53:34.142 [main] INFO  testCase.TC_001_AcccountRegistration - click on register link
08:53:34.148 [main] INFO  testCase.TC_001_AcccountRegistration - eneter the custmer details
08:53:35.023 [main] INFO  testCase.TC_001_AcccountRegistration - after finishing custmer details
08:53:41.389 [main] ERROR testCase.TC_001_AcccountRegistration - registration text shuols not matyched
08:53:47.856 [main] INFO  testCase.TC_002_LoginTest - ****** Started Tc_002_TestCase
08:53:49.025 [main] INFO  testCase.TC_002_LoginTest - login link click on home page under register link
08:55:28.568 [main] INFO  testCase.TC_001_AcccountRegistration - **** STARTING REGISTER AN ACCOCONT ******
08:55:28.739 [main] INFO  testCase.TC_001_AcccountRegistration - click my account drop down
08:55:30.071 [main] INFO  testCase.TC_001_AcccountRegistration - click on register link
08:55:30.074 [main] INFO  testCase.TC_001_AcccountRegistration - eneter the custmer details
08:55:31.029 [main] INFO  testCase.TC_001_AcccountRegistration - after finishing custmer details
08:55:37.382 [main] ERROR testCase.TC_001_AcccountRegistration - registration text shuols not matyched
08:57:16.308 [main] INFO  testCase.TC_001_AcccountRegistration - **** STARTING REGISTER AN ACCOCONT ******
08:57:16.436 [main] INFO  testCase.TC_001_AcccountRegistration - click my account drop down
08:57:17.456 [main] INFO  testCase.TC_001_AcccountRegistration - click on register link
08:57:17.458 [main] INFO  testCase.TC_001_AcccountRegistration - eneter the custmer details
08:57:18.406 [main] INFO  testCase.TC_001_AcccountRegistration - after finishing custmer details
08:57:24.727 [main] ERROR testCase.TC_001_AcccountRegistration - registration text shuols not matyched
08:57:30.453 [main] INFO  testCase.TC_002_LoginTest - ****** Started Tc_002_TestCase
08:57:31.534 [main] INFO  testCase.TC_002_LoginTest - login link click on home page under register link
15:46:35.883 [main] INFO  testCase.TC_001_AcccountRegistration - **** STARTING REGISTER AN ACCOCONT ******
15:46:36.183 [main] INFO  testCase.TC_001_AcccountRegistration - click my account drop down
15:46:38.154 [main] INFO  testCase.TC_001_AcccountRegistration - click on register link
15:46:38.157 [main] INFO  testCase.TC_001_AcccountRegistration - eneter the custmer details
15:46:39.186 [main] INFO  testCase.TC_001_AcccountRegistration - after finishing custmer details
15:46:45.708 [main] ERROR testCase.TC_001_AcccountRegistration - registration text shuols not matyched
15:49:42.949 [main] INFO  testCase.TC_001_AcccountRegistration - **** STARTING REGISTER AN ACCOCONT ******
15:49:43.110 [main] INFO  testCase.TC_001_AcccountRegistration - click my account drop down
15:49:44.057 [main] INFO  testCase.TC_001_AcccountRegistration - click on register link
15:49:44.061 [main] INFO  testCase.TC_001_AcccountRegistration - eneter the custmer details
15:49:45.105 [main] INFO  testCase.TC_001_AcccountRegistration - after finishing custmer details
15:49:51.240 [main] ERROR testCase.TC_001_AcccountRegistration - registration text shuols not matyched
15:49:56.517 [main] INFO  testCase.TC_002_LoginTest - ****** Started Tc_002_TestCase
15:49:57.506 [main] INFO  testCase.TC_002_LoginTest - login link click on home page under register link
15:51:49.533 [main] INFO  testCase.TC_001_AcccountRegistration - **** STARTING REGISTER AN ACCOCONT ******
15:51:49.629 [main] INFO  testCase.TC_001_AcccountRegistration - click my account drop down
15:51:50.500 [main] INFO  testCase.TC_001_AcccountRegistration - click on register link
15:51:50.504 [main] INFO  testCase.TC_001_AcccountRegistration - eneter the custmer details
15:51:51.377 [main] INFO  testCase.TC_001_AcccountRegistration - after finishing custmer details
15:51:57.314 [main] ERROR testCase.TC_001_AcccountRegistration - registration text shuols not matyched
15:52:03.720 [main] INFO  testCase.TC_002_LoginTest - ****** Started Tc_002_TestCase
15:52:04.519 [main] INFO  testCase.TC_002_LoginTest - login link click on home page under register link
